<?xml version="1.0" encoding="UTF-8"?>
<!-- Generated by org.testng.reporters.JUnitReportReporter -->
<testsuite hostname="Vinaconc1" failures="0" tests="1" name="SeleniumTest.TestLogin" time="0,395" errors="0" timestamp="15 May 2023 23:43:22 GMT">
  <testcase classname="SeleniumTest.TestLogin" name="f" time="0,395"/>
</testsuite>
