<?xml version="1.0" encoding="UTF-8"?>
<!-- Generated by org.testng.reporters.JUnitReportReporter -->
<testsuite hostname="Vinaconc1" name="SeleniumTest.TestLogin" tests="1" failures="0" timestamp="25 Apr 2023 00:18:32 GMT" time="0,537" errors="0">
  <testcase name="f" time="0,537" classname="SeleniumTest.TestLogin"/>
</testsuite>
