<?xml version="1.0" encoding="UTF-8"?>
<!-- Generated by org.testng.reporters.JUnitReportReporter -->
<testsuite hostname="Vinaconc1" failures="0" tests="1" name="SeleniumTestClinica.TestRegistroClinica" time="0,427" errors="0" timestamp="15 May 2023 23:40:57 GMT">
  <testcase classname="SeleniumTestClinica.TestRegistroClinica" name="f" time="0,427"/>
</testsuite>
