<?xml version="1.0" encoding="UTF-8"?>
<!-- Generated by org.testng.reporters.JUnitReportReporter -->
<testsuite hostname="Vinaconc1" failures="0" tests="1" name="SeleniumTest.TestLogin3" time="0,451" errors="0" timestamp="15 May 2023 23:51:09 GMT">
  <testcase classname="SeleniumTest.TestLogin3" name="f" time="0,451"/>
</testsuite>
