<?xml version="1.0" encoding="UTF-8"?>
<!-- Generated by org.testng.reporters.JUnitReportReporter -->
<testsuite hostname="Vinaconc1" failures="0" tests="1" name="SeleniumTest.TestLogin" time="1,103" errors="0" timestamp="30 Apr 2023 02:00:24 GMT">
  <testcase classname="SeleniumTest.TestLogin" name="f" time="1,103"/>
</testsuite>
